<?xml version="1.0" encoding="UTF-8"?>
<!-- Generated by org.testng.reporters.JUnitReportReporter -->
<testsuite skipped="0" hostname="DESKTOP-KSFKQJI" name="com.qa.testcases.HomePageTest" tests="1" failures="0" timestamp="25 Nov 2018 19:06:44 GMT" time="68.529" errors="0">
  <testcase name="verifyContactPage" time="68.529" classname="com.qa.testcases.HomePageTest"/>
</testsuite> <!-- com.qa.testcases.HomePageTest -->
