<?xml version="1.0" encoding="UTF-8"?>
<!-- Generated by org.testng.reporters.JUnitReportReporter -->
<testsuite skipped="0" hostname="DESKTOP-KSFKQJI" name="com.qa.testcases.LoginPageTest" tests="1" failures="0" timestamp="25 Nov 2018 19:06:44 GMT" time="55.406" errors="0">
  <testcase name="LoginTest" time="55.406" classname="com.qa.testcases.LoginPageTest"/>
</testsuite> <!-- com.qa.testcases.LoginPageTest -->
